[debug] [2017-11-18T05:01:38.606Z] ----------------------------------------------------------------------
[debug] [2017-11-18T05:01:38.608Z] Command:       C:\Program Files\nodejs\node.exe C:\Users\dania\AppData\Roaming\npm\node_modules\firebase-tools\bin\firebase serve
[debug] [2017-11-18T05:01:38.609Z] CLI Version:   3.15.2
[debug] [2017-11-18T05:01:38.609Z] Platform:      win32
[debug] [2017-11-18T05:01:38.609Z] Node Version:  v6.10.3
[debug] [2017-11-18T05:01:38.610Z] Time:          Sat Nov 18 2017 00:01:38 GMT-0500 (Eastern Standard Time)
[debug] [2017-11-18T05:01:38.610Z] ----------------------------------------------------------------------
[debug] 
[debug] [2017-11-18T05:01:38.623Z] > command requires scopes: ["email","openid","https://www.googleapis.com/auth/cloudplatformprojects.readonly","https://www.googleapis.com/auth/firebase","https://www.googleapis.com/auth/cloud-platform"]
[debug] [2017-11-18T05:01:38.623Z] > authorizing via signed-in user
[debug] [2017-11-18T05:01:38.626Z] >>> HTTP REQUEST GET https://admin.firebase.com/v1/projects/musique-79bbb  
 Sat Nov 18 2017 00:01:38 GMT-0500 (Eastern Standard Time)
[debug] [2017-11-18T05:01:38.946Z] <<< HTTP RESPONSE 200
[debug] [2017-11-18T05:01:38.947Z] >>> HTTP REQUEST GET https://admin.firebase.com/v1/database/musique-79bbb/tokens  
 Sat Nov 18 2017 00:01:38 GMT-0500 (Eastern Standard Time)
[debug] [2017-11-18T05:01:39.330Z] <<< HTTP RESPONSE 200
[info] 
[info] === Serving from 'C:\musique'...
[info] 
[debug] [2017-11-18T05:01:39.335Z] >>> HTTP REQUEST GET https://cloudresourcemanager.googleapis.com/v1/projects/musique-79bbb  
 Sat Nov 18 2017 00:01:39 GMT-0500 (Eastern Standard Time)
[debug] [2017-11-18T05:01:39.596Z] <<< HTTP RESPONSE 200
[debug] [2017-11-18T05:01:39.597Z] >>> HTTP REQUEST GET https://mobilesdk-pa.googleapis.com/v1/projects/915472544803/clients/_:getWebAppConfig  
 Sat Nov 18 2017 00:01:39 GMT-0500 (Eastern Standard Time)
[debug] [2017-11-18T05:01:39.914Z] <<< HTTP RESPONSE 200
[info] i  hosting: Serving hosting files from: public
[info] +  hosting: Local server: http://localhost:5000

